[LOG] System::create                           : Header version = 2.02.18. Current version = 2.02.18.
[LOG] Manager::init                            : maxchannels = 256 studioflags = 00000006 flags 00000000 extradriverdata 0000000000000000.
[LOG] SystemI::init                            : Initialize version=20218 (137105), maxchannels=256, flags=0x00020000
[LOG] SystemI::setOutputInternal               : Setting output to 'FMOD WASAPI Output'
[LOG] OutputWASAPI::init                       : Mix Format (WAVEFORMATEX): wFormatTag=0xFFFE, nChannels=2, nSamplesPerSec=48000, nAvgBytesPerSec=384000, nBlockAlign=8, wBitsPerSample=32, cbSize=22.
[LOG] OutputWASAPI::init                       : Mix Format (WAVEFORMATEXTENSIBLE): wValidBitsPerSample=32, dwChannelMask=0x00000003, SubFormat=00000003-0000-0010-8000-00AA00389B71.
[LOG] OutputWASAPI::init                       : Output buffer size: 4096 samples, latency: 0.00ms, period: 10.00ms, DSP buffer: 1024 * 4
[LOG] Thread::initThread                       : Init FMOD stream thread. Affinity: 0x4000000000000003, Priority: 0xFFFF7FFB, Stack Size: 98304, Semaphore: No, Sleep Time: 10, Looping: Yes.
[LOG] Thread::initThread                       : Init FMOD mixer thread. Affinity: 0x4000000000000001, Priority: 0xFFFF7FFA, Stack Size: 81920, Semaphore: No, Sleep Time: 0, Looping: Yes.
[LOG] AsyncManager::init                       : manager 000002EADE537028 isAsync 0 updatePeriod 0.02
[LOG] AsyncManager::init                       : done
[LOG] PlaybackSystem::init                     : 
[LOG] Thread::initThread                       : Init FMOD Studio sample load thread. Affinity: 0x4000000000000003, Priority: 0xFFFF7FFD, Stack Size: 98304, Semaphore: No, Sleep Time: 1, Looping: No.
[LOG] PlaybackSystem::init                     : done
[LOG] Thread::initThread                       : Init FMOD Studio bank load thread. Affinity: 0x4000000000000003, Priority: 0xFFFF7FFD, Stack Size: 98304, Semaphore: No, Sleep Time: 1, Looping: No.
[LOG] Manager::init                            : done.
[LOG] Manager::readBank                        : fileversion = 142, compatVersion = 140 (oldest = 44, newest = 142)
[LOG] Manager::readBank                        : fileversion = 142, compatVersion = 140 (oldest = 44, newest = 142)
[LOG] Manager::readBank                        : fileversion = 142, compatVersion = 140 (oldest = 44, newest = 142)
[LOG] PlaybackSystem::acquireMasterBus         : Setting master channel group format to 6
[LOG] Manager::readBank                        : fileversion = 142, compatVersion = 140 (oldest = 44, newest = 142)
[LOG] SystemI::createSound                     : filename = FMOD_HallowJam/Build/Desktop/Music.bank : mode 02010082
[LOG] SystemI::createSound                     : FMOD_NONBLOCKING specified.  Putting into queue to be opened asynchronously!
[LOG] AsyncThread::add                         : add sound to async queue : soundi = 000002EA9B31F408, queue head = 000002EAA854F4C8, queue count = 0
[LOG] AsyncThread::threadFunc                  : Starting Asynchronous operation on sound 000002EA9B31F408
[LOG] SystemI::createSoundInternal             :     Create name='FMOD_HallowJam/Build/Desktop/Music.bank', mode=0x02010082
[LOG] SystemI::createSoundInternal             :     exinfo->cbsize             = 224
[LOG] SystemI::createSoundInternal             :     exinfo->length             = 818592
[LOG] SystemI::createSoundInternal             :     exinfo->fileoffset         = 1664
[LOG] SystemI::createSoundInternal             :     exinfo->numsubsounds       = 1
[LOG] SystemI::createSoundInternal             :     exinfo->inclusionlist      = 000002EAB7B0D400
[LOG] SystemI::createSoundInternal             :     exinfo->inclusionlistnum   = 1
[LOG] SystemI::createSoundInternal             :     exinfo->suggestedsoundtype = 5
[LOG] SystemI::createSoundInternal             :     exinfo->initialseekpostype = 1
[LOG] SystemI::createSoundInternal             :     Stream 0/1: name='HallowJam 2023', format=5, channels=2, frequency=48000, lengthbytes=817952, lengthpcm=3072000, pcmblocksize=0, loopstart=0, loopend=0, mode=0x00000000, channelmask=0x00000000, channelorder=0, peakvolume=0.219696.
[LOG] AsyncThread::threadFunc                  : Finished Asynchronous operation on sound 000002EA9B31F408
[LOG] SoundI::release                          : HallowJam 2023 (000002EBA93D5A68)
[LOG] SoundI::release                          :     HallowJam 2023 (000002EA9D9BA078)
[LOG] SoundI::release                          :     HallowJam 2023 (000002EBA93D4118)
[LOG] SystemI::createSoundInternal             : Create name='', mode=0x02000202
[LOG] SystemI::createSoundInternal             : exinfo->cbsize             = 224
[LOG] SystemI::createSoundInternal             : exinfo->length             = 20224
[LOG] SystemI::createSoundInternal             : exinfo->fileoffset         = 5056
[LOG] SystemI::createSoundInternal             : exinfo->numsubsounds       = 1
[LOG] SystemI::createSoundInternal             : exinfo->inclusionlist      = 000000F6772FF548
[LOG] SystemI::createSoundInternal             : exinfo->inclusionlistnum   = 1
[LOG] SystemI::createSoundInternal             : exinfo->suggestedsoundtype = 5
[LOG] SystemI::createSoundInternal             : exinfo->useropen           = 00007FF82F333FA0
[LOG] SystemI::createSoundInternal             : exinfo->userclose          = 00007FF82F333F60
[LOG] SystemI::createSoundInternal             : exinfo->userread           = 00007FF82F334080
[LOG] SystemI::createSoundInternal             : exinfo->userseek           = 00007FF82F334140
[LOG] SystemI::createSoundInternal             : exinfo->fileuserdata       = 000002EBA976C9D8
[LOG] SystemI::createSoundInternal             : exinfo->initialseekpostype = 1
[LOG] SystemI::DSPCodecPoolRegister            : register codec pool for pool type 5
[LOG] SystemI::createSoundInternal             : Sample 0/1: name='Blair Voice', format=5, channels=1, frequency=48000, lengthbytes=1728, lengthpcm=9195, pcmblocksize=0, loopstart=0, loopend=0, mode=0x00000000, channelmask=0x00000000, channelorder=0, peakvolume=0.149689.
[LOG] SystemI::createSoundInternal             : Create name='', mode=0x02000202
[LOG] SystemI::createSoundInternal             : exinfo->cbsize             = 224
[LOG] SystemI::createSoundInternal             : exinfo->length             = 20224
[LOG] SystemI::createSoundInternal             : exinfo->fileoffset         = 5056
[LOG] SystemI::createSoundInternal             : exinfo->numsubsounds       = 1
[LOG] SystemI::createSoundInternal             : exinfo->inclusionlist      = 000000F6772FF548
[LOG] SystemI::createSoundInternal             : exinfo->inclusionlistnum   = 1
[LOG] SystemI::createSoundInternal             : exinfo->suggestedsoundtype = 5
[LOG] SystemI::createSoundInternal             : exinfo->useropen           = 00007FF82F333FA0
[LOG] SystemI::createSoundInternal             : exinfo->userclose          = 00007FF82F333F60
[LOG] SystemI::createSoundInternal             : exinfo->userread           = 00007FF82F334080
[LOG] SystemI::createSoundInternal             : exinfo->userseek           = 00007FF82F334140
[LOG] SystemI::createSoundInternal             : exinfo->fileuserdata       = 000002EAA659DA38
[LOG] SystemI::createSoundInternal             : exinfo->initialseekpostype = 1
[LOG] SystemI::DSPCodecPoolRegister            : register codec pool for pool type 5
[LOG] SystemI::createSoundInternal             : Sample 0/1: name='Button press', format=5, channels=2, frequency=48000, lengthbytes=9248, lengthpcm=33160, pcmblocksize=0, loopstart=0, loopend=0, mode=0x00000000, channelmask=0x00000000, channelorder=0, peakvolume=0.729980.
[LOG] SystemI::createSoundInternal             : Create name='', mode=0x02000202
[LOG] SystemI::createSoundInternal             : exinfo->cbsize             = 224
[LOG] SystemI::createSoundInternal             : exinfo->length             = 20224
[LOG] SystemI::createSoundInternal             : exinfo->fileoffset         = 5056
[LOG] SystemI::createSoundInternal             : exinfo->numsubsounds       = 1
[LOG] SystemI::createSoundInternal             : exinfo->inclusionlist      = 000000F6772FF548
[LOG] SystemI::createSoundInternal             : exinfo->inclusionlistnum   = 1
[LOG] SystemI::createSoundInternal             : exinfo->suggestedsoundtype = 5
[LOG] SystemI::createSoundInternal             : exinfo->useropen           = 00007FF82F333FA0
[LOG] SystemI::createSoundInternal             : exinfo->userclose          = 00007FF82F333F60
[LOG] SystemI::createSoundInternal             : exinfo->userread           = 00007FF82F334080
[LOG] SystemI::createSoundInternal             : exinfo->userseek           = 00007FF82F334140
[LOG] SystemI::createSoundInternal             : exinfo->fileuserdata       = 000002EBA976B538
[LOG] SystemI::createSoundInternal             : exinfo->initialseekpostype = 1
[LOG] SystemI::DSPCodecPoolRegister            : register codec pool for pool type 5
[LOG] SystemI::createSoundInternal             : Sample 0/1: name='doubleJump', format=5, channels=2, frequency=48000, lengthbytes=5760, lengthpcm=26496, pcmblocksize=0, loopstart=0, loopend=0, mode=0x00000000, channelmask=0x00000000, channelorder=0, peakvolume=0.291473.
[LOG] SystemI::createSound                     : filename = FMOD_HallowJam/Build/Desktop/Music.bank : mode 02010082
[LOG] SystemI::createSound                     : FMOD_NONBLOCKING specified.  Putting into queue to be opened asynchronously!
[LOG] AsyncThread::add                         : add sound to async queue : soundi = 000002EA9B31AB78, queue head = 000002EAA854F4C8, queue count = 0
[LOG] AsyncThread::threadFunc                  : Starting Asynchronous operation on sound 000002EA9B31AB78
[LOG] SystemI::createSoundInternal             :     Create name='FMOD_HallowJam/Build/Desktop/Music.bank', mode=0x02010082
[LOG] SystemI::createSoundInternal             :     exinfo->cbsize             = 224
[LOG] SystemI::createSoundInternal             :     exinfo->length             = 818592
[LOG] SystemI::createSoundInternal             :     exinfo->fileoffset         = 1664
[LOG] SystemI::createSoundInternal             :     exinfo->numsubsounds       = 1
[LOG] SystemI::createSoundInternal             :     exinfo->inclusionlist      = 000002EAB7B0CA00
[LOG] SystemI::createSoundInternal             :     exinfo->inclusionlistnum   = 1
[LOG] SystemI::createSoundInternal             :     exinfo->suggestedsoundtype = 5
[LOG] SystemI::createSoundInternal             :     exinfo->initialseekpostype = 1
[LOG] SystemI::createSoundInternal             :     Stream 0/1: name='HallowJam 2023', format=5, channels=2, frequency=48000, lengthbytes=817952, lengthpcm=3072000, pcmblocksize=0, loopstart=0, loopend=0, mode=0x00000000, channelmask=0x00000000, channelorder=0, peakvolume=0.219696.
[LOG] AsyncThread::threadFunc                  : Finished Asynchronous operation on sound 000002EA9B31AB78
[LOG] SoundI::release                          : HallowJam 2023 (000002EA9B31F408)
[LOG] SoundI::release                          :     HallowJam 2023 (000002EA9D9BABD8)
[LOG] SoundI::release                          :     HallowJam 2023 (000002EA9B31B8F8)
[LOG] SoundI::release                          : HallowJam 2023 (000002EA9B31AB78)
[LOG] SoundI::release                          :     HallowJam 2023 (000002EA9D9BA078)
[LOG] SoundI::release                          :     HallowJam 2023 (000002EA9B31AED8)
[LOG] SoundI::release                          :  (000002EB67B9F428)
[LOG] SoundI::release                          :     Blair Voice (000002EA9D9BAD78)
[LOG] SoundI::release                          :  (000002EB67B9E5C8)
[LOG] SoundI::release                          :     doubleJump (000002EA9D9BAF18)
[LOG] SoundI::release                          :  (000002EB67B9F9E8)
[LOG] SoundI::release                          :     Button press (000002EA9D9BA3B8)
[LOG] SoundI::release                          :  (000002EAA824BEF8)
[LOG] SoundI::release                          :     jump (000002EA9D9BB8D8)
[LOG] Thread::callback                         : FMOD Studio update thread finished.
[LOG] Thread::callback                         : FMOD Studio bank load thread finished.
[LOG] Profile::disconnectAll                   : Profiler disconnecting all clients
[LOG] Thread::callback                         : FMOD Studio sample load thread finished.
[LOG] LiveUpdate::release                      : 
[LOG] LiveUpdate::reset                        : Reset connection (reason Disconnected)
[LOG] Thread::callback                         : FMOD stream thread finished.
[LOG] Thread::callback                         : FMOD mixer thread finished.
[LOG] Profile::disconnectAll                   : Profiler disconnecting all clients
[LOG] SystemI::close                           : Closed.
